[2026-05-22 12:46:54] [Startup] FIFO ready: /tmp/snapcastDAB
[2026-05-22 12:46:54] [StationChecker] Daemon started (interval=7d, workers=10)
[2026-05-22 12:46:54] [Startup] Master reloader process initializing...
[2026-05-22 12:46:54] [StationChecker] All stations checked recently — nothing to do.
[2026-05-22 12:46:54] [Startup] FIFO ready: /tmp/snapcastDAB
[2026-05-22 12:46:54] [StationChecker] Daemon started (interval=7d, workers=10)
[2026-05-22 12:46:54] [Startup] Active worker process running. Executing initial table cleanup.
[2026-05-22 12:46:54] [StationChecker] All stations checked recently — nothing to do.
[2026-05-22 12:46:54] [Startup] FIFO ready: /tmp/snapcastDAB
[2026-05-22 12:46:54] [StationChecker] Daemon started (interval=7d, workers=10)
[2026-05-22 12:46:54] [StationChecker] All stations checked recently — nothing to do.
[2026-05-22 12:46:55] [Twitch Poller] App access token refreshed
[2026-05-22 12:46:55] [Twitch Poller] App access token refreshed
[2026-05-22 12:46:56] [Twitch Poller] Checked 23 channel(s) — 0 live
[2026-05-22 12:46:56] [Twitch Poller] Checked 23 channel(s) — 0 live
[2026-05-22 12:46:56] [Twitch Poller] App access token refreshed
[2026-05-22 12:46:57] [Twitch Poller] Checked 23 channel(s) — 0 live
[2026-05-22 12:47:26] [get_stream_url_from_playlist] Fetching playlist: http://media.radiojackie.com:5873/listen.pls?sid=1
[2026-05-22 12:47:26] [get_stream_url_from_playlist] Detected PLS format.
[2026-05-22 12:47:26] [get_stream_url_from_playlist] Found stream URL in playlist: http://media.radiojackie.com:5873/;
[2026-05-22 12:47:26] [get_stream_url_from_playlist] Resolved final stream URL: http://media.radiojackie.com:5873/;
[2026-05-22 12:47:26] [get_stream_info] Probing stream: http://media.radiojackie.com:5873/;
[2026-05-22 12:47:27] [get_stream_info] Codec: aac  Sample rate: 44100 Hz  Channels: 2 (stereo)  Bitrate: 320 kbps
[2026-05-22 12:47:27] [Radio] Starting stream: http://media.radiojackie.com:5873/;
[2026-05-22 12:47:39] [Radio] Stream stopped
[2026-05-22 12:47:56] [Twitch Poller] Checked 23 channel(s) — 0 live
[2026-05-22 12:47:56] [Twitch Poller] Checked 23 channel(s) — 0 live
[2026-05-22 12:47:57] [Twitch Poller] Checked 23 channel(s) — 0 live
[2026-05-22 12:48:56] [Twitch Poller] Checked 23 channel(s) — 0 live
[2026-05-22 12:48:56] [Twitch Poller] Checked 23 channel(s) — 0 live
[2026-05-22 12:48:57] [Twitch Poller] Checked 23 channel(s) — 0 live
[2026-05-22 12:49:56] [Twitch Poller] Checked 23 channel(s) — 0 live
[2026-05-22 12:49:56] [Twitch Poller] Checked 23 channel(s) — 0 live
[2026-05-22 12:49:57] [Twitch Poller] Checked 23 channel(s) — 0 live
[2026-05-22 12:50:57] [Twitch Poller] Checked 23 channel(s) — 0 live
[2026-05-22 12:50:57] [Twitch Poller] Checked 23 channel(s) — 0 live
[2026-05-22 12:50:58] [Twitch Poller] Checked 23 channel(s) — 0 live
[2026-05-22 12:51:57] [Twitch Poller] Checked 23 channel(s) — 0 live
[2026-05-22 12:51:57] [Twitch Poller] Checked 23 channel(s) — 0 live
[2026-05-22 12:51:58] [Twitch Poller] Checked 23 channel(s) — 0 live
[2026-05-22 12:52:57] [Twitch Poller] Checked 23 channel(s) — 0 live
[2026-05-22 12:52:57] [Twitch Poller] Checked 23 channel(s) — 0 live
[2026-05-22 12:52:58] [Twitch Poller] Checked 23 channel(s) — 0 live
[2026-05-22 12:53:58] [Twitch Poller] Checked 23 channel(s) — 0 live
[2026-05-22 12:53:58] [Twitch Poller] Checked 23 channel(s) — 0 live
[2026-05-22 12:53:58] [Twitch Poller] Checked 23 channel(s) — 0 live
[2026-05-22 12:54:58] [Twitch Poller] Checked 23 channel(s) — 0 live
[2026-05-22 12:54:58] [Twitch Poller] Checked 23 channel(s) — 0 live
[2026-05-22 12:54:59] [Twitch Poller] Checked 23 channel(s) — 0 live
[2026-05-22 12:55:58] [Twitch Poller] Checked 23 channel(s) — 0 live
[2026-05-22 12:55:58] [Twitch Poller] Checked 23 channel(s) — 0 live
[2026-05-22 12:55:59] [Twitch Poller] Checked 23 channel(s) — 0 live
[2026-05-22 12:56:58] [Twitch Poller] Checked 23 channel(s) — 0 live
[2026-05-22 12:56:58] [Twitch Poller] Checked 23 channel(s) — 0 live
[2026-05-22 12:56:59] [Twitch Poller] Checked 23 channel(s) — 0 live
[2026-05-22 12:57:58] [Twitch Poller] Checked 23 channel(s) — 0 live
[2026-05-22 12:57:59] [Twitch Poller] Checked 23 channel(s) — 0 live
[2026-05-22 12:57:59] [Twitch Poller] Checked 23 channel(s) — 0 live
[2026-05-22 12:58:59] [Twitch Poller] Checked 23 channel(s) — 0 live
[2026-05-22 12:58:59] [Twitch Poller] Checked 23 channel(s) — 0 live
[2026-05-22 12:59:00] [Twitch Poller] Checked 23 channel(s) — 0 live
[2026-05-22 12:59:59] [Twitch Poller] Checked 23 channel(s) — 0 live
[2026-05-22 12:59:59] [Twitch Poller] Checked 23 channel(s) — 0 live
[2026-05-22 13:00:00] [Twitch Poller] Checked 23 channel(s) — 0 live
[2026-05-22 13:00:59] [Twitch Poller] Checked 23 channel(s) — 0 live
[2026-05-22 13:00:59] [Twitch Poller] Checked 23 channel(s) — 0 live
[2026-05-22 13:01:00] [Twitch Poller] Checked 23 channel(s) — 0 live
[2026-05-22 13:02:00] [Twitch Poller] Checked 23 channel(s) — 0 live
[2026-05-22 13:02:00] [Twitch Poller] Checked 23 channel(s) — 0 live
[2026-05-22 13:02:01] [Twitch Poller] Checked 23 channel(s) — 0 live
[2026-05-22 13:03:00] [Twitch Poller] Checked 23 channel(s) — 0 live
[2026-05-22 13:03:00] [Twitch Poller] Checked 23 channel(s) — 0 live
[2026-05-22 13:03:01] [Twitch Poller] Checked 23 channel(s) — 0 live
[2026-05-22 13:03:13] [Shutdown] Killing all child streams
[2026-05-22 13:03:13] [Shutdown] Killing all child streams
[2026-05-22 13:03:13] [Shutdown] Killing all child streams
